<?xml version="1.0" encoding="UTF-8"?>
<!-- Generated by org.testng.reporters.JUnitReportReporter -->
<testsuite skipped="0" hostname="DESKTOP-LSDBN7E" name="com.appium.test.TestP" tests="6" failures="0" timestamp="2020-04-13T01:41:10 IST" time="0.035" errors="0">
  <testcase name="B" time="0.005" classname="com.appium.test.TestP"/>
  <testcase name="B1" time="0.002" classname="com.appium.test.TestP"/>
  <testcase name="A" time="0.013" classname="com.appium.test.TestP"/>
  <testcase name="b" time="0.002" classname="com.appium.test.TestP"/>
  <testcase name="A1" time="0.011" classname="com.appium.test.TestP"/>
  <testcase name="a" time="0.002" classname="com.appium.test.TestP"/>
</testsuite> <!-- com.appium.test.TestP -->
