<?xml version="1.0" encoding="UTF-8"?>
<!-- Generated by org.testng.reporters.JUnitReportReporter -->
<testsuite skipped="0" hostname="DESKTOP-LSDBN7E" name="com.appium.escort.test.AppiumTest" tests="1" failures="0" timestamp="2020-04-16T18:54:12 IST" time="21.980" errors="0">
  <testcase name="baseCapabilities" time="21.980" classname="com.appium.escort.test.AppiumTest"/>
</testsuite> <!-- com.appium.escort.test.AppiumTest -->
