<?xml version="1.0" encoding="UTF-8"?>
<!-- Generated by org.testng.reporters.JUnitReportReporter -->
<testsuite skipped="0" hostname="DESKTOP-LSDBN7E" name="com.appium.test.AppiumAndroid1" tests="1" failures="0" timestamp="2020-04-16T19:47:26 IST" time="29.946" errors="0">
  <testcase name="baseCapabilities" time="29.946" classname="com.appium.test.AppiumAndroid1"/>
</testsuite> <!-- com.appium.test.AppiumAndroid1 -->
