<?xml version="1.0" encoding="UTF-8"?>
<!-- Generated by org.testng.reporters.JUnitReportReporter -->
<testsuite skipped="0" hostname="DESKTOP-LSDBN7E" name="com.appium.test.AppiumAndroid2" tests="1" failures="0" timestamp="2020-04-15T12:52:13 IST" time="15.707" errors="0">
  <testcase name="baseCapabilities" time="15.707" classname="com.appium.test.AppiumAndroid2"/>
</testsuite> <!-- com.appium.test.AppiumAndroid2 -->
