<?xml version="1.0" encoding="UTF-8"?>
<!-- Generated by org.testng.reporters.JUnitReportReporter -->
<testsuite skipped="0" hostname="DESKTOP-LSDBN7E" name="com.appium.test.Appiumserever12" tests="1" failures="0" timestamp="2020-04-15T11:13:25 IST" time="0.014" errors="0">
  <testcase name="testappiumserver" time="0.014" classname="com.appium.test.Appiumserever12"/>
</testsuite> <!-- com.appium.test.Appiumserever12 -->
